<?xml version="1.0" encoding="UTF-8"?>
<!-- Generated by org.testng.reporters.JUnitXMLReporter -->
<testsuite ignored="0" hostname="LAPTOP-V9H7QGUS" failures="0" tests="3" name="Default test" time="7.529" errors="0" timestamp="2023-11-08T21:56:06 IST">
  <testcase classname="com.Prroject.baseclass.ScreenshotTest" name="takescreenshot1" time="0.006"/>
  <testcase classname="com.Prroject.baseclass.ScreenshotTest" name="takescreenshot2" time="0.001"/>
  <testcase classname="com.Prroject.baseclass.ScreenshotTest" name="takescreenshot3" time="0.001"/>
</testsuite> <!-- Default test -->
