<?xml version="1.0" encoding="UTF-8"?>
<testng-results ignored="0" total="3" passed="3" failed="0" skipped="0">
  <reporter-output>
  </reporter-output>
  <suite started-at="2023-11-08T21:55:58 IST" name="Default suite" finished-at="2023-11-08T21:56:06 IST" duration-ms="7529">
    <groups>
    </groups>
    <test started-at="2023-11-08T21:55:58 IST" name="Default test" finished-at="2023-11-08T21:56:06 IST" duration-ms="7529">
      <class name="com.Prroject.baseclass.ScreenshotTest">
        <test-method is-config="true" signature="setup()[pri:0, instance:com.Prroject.baseclass.ScreenshotTest@3835c46]" started-at="2023-11-08T21:55:58 IST" name="setup" finished-at="2023-11-08T21:56:01 IST" duration-ms="2677" status="PASS">
          <reporter-output>
          </reporter-output>
        </test-method> <!-- setup -->
        <test-method signature="takescreenshot1()[pri:0, instance:com.Prroject.baseclass.ScreenshotTest@3835c46]" started-at="2023-11-08T21:56:01 IST" name="takescreenshot1" finished-at="2023-11-08T21:56:01 IST" duration-ms="6" status="PASS">
          <reporter-output>
          </reporter-output>
        </test-method> <!-- takescreenshot1 -->
        <test-method is-config="true" signature="close()[pri:0, instance:com.Prroject.baseclass.ScreenshotTest@3835c46]" started-at="2023-11-08T21:56:01 IST" name="close" finished-at="2023-11-08T21:56:01 IST" duration-ms="87" status="PASS">
          <reporter-output>
          </reporter-output>
        </test-method> <!-- close -->
        <test-method is-config="true" signature="setup()[pri:0, instance:com.Prroject.baseclass.ScreenshotTest@3835c46]" started-at="2023-11-08T21:56:01 IST" name="setup" finished-at="2023-11-08T21:56:03 IST" duration-ms="2316" status="PASS">
          <reporter-output>
          </reporter-output>
        </test-method> <!-- setup -->
        <test-method signature="takescreenshot2()[pri:0, instance:com.Prroject.baseclass.ScreenshotTest@3835c46]" started-at="2023-11-08T21:56:03 IST" name="takescreenshot2" finished-at="2023-11-08T21:56:03 IST" duration-ms="1" status="PASS">
          <reporter-output>
          </reporter-output>
        </test-method> <!-- takescreenshot2 -->
        <test-method is-config="true" signature="close()[pri:0, instance:com.Prroject.baseclass.ScreenshotTest@3835c46]" started-at="2023-11-08T21:56:03 IST" name="close" finished-at="2023-11-08T21:56:03 IST" duration-ms="67" status="PASS">
          <reporter-output>
          </reporter-output>
        </test-method> <!-- close -->
        <test-method is-config="true" signature="setup()[pri:0, instance:com.Prroject.baseclass.ScreenshotTest@3835c46]" started-at="2023-11-08T21:56:03 IST" name="setup" finished-at="2023-11-08T21:56:06 IST" duration-ms="2274" status="PASS">
          <reporter-output>
          </reporter-output>
        </test-method> <!-- setup -->
        <test-method signature="takescreenshot3()[pri:0, instance:com.Prroject.baseclass.ScreenshotTest@3835c46]" started-at="2023-11-08T21:56:06 IST" name="takescreenshot3" finished-at="2023-11-08T21:56:06 IST" duration-ms="1" status="PASS">
          <reporter-output>
          </reporter-output>
        </test-method> <!-- takescreenshot3 -->
        <test-method is-config="true" signature="close()[pri:0, instance:com.Prroject.baseclass.ScreenshotTest@3835c46]" started-at="2023-11-08T21:56:06 IST" name="close" finished-at="2023-11-08T21:56:06 IST" duration-ms="74" status="PASS">
          <reporter-output>
          </reporter-output>
        </test-method> <!-- close -->
      </class> <!-- com.Prroject.baseclass.ScreenshotTest -->
    </test> <!-- Default test -->
  </suite> <!-- Default suite -->
</testng-results>
